<?xml version="1.0" encoding="UTF-8"?>
<testsuite xmlns:xsi="http://www.w3.org/2001/XMLSchema-instance" xsi:noNamespaceSchemaLocation="https://maven.apache.org/surefire/maven-surefire-plugin/xsd/surefire-test-report.xsd" name="com.jeffveit.app.AppTest" time="4.508" tests="5" errors="0" skipped="0" failures="0">
  <properties>
[...]
</properties>
  <testcase name="middle" classname="com.jeffveit.app.AppTest" time="0.445"/>
  <testcase name="exceptionError" classname="com.jeffveit.app.AppTest" time="0.023"/>
  <testcase name="old" classname="com.jeffveit.app.AppTest" time="0"/>
  <testcase name="young" classname="com.jeffveit.app.AppTest" time="0.001"/>
  <testcase name="mockDelay" classname="com.jeffveit.app.AppTest" time="4.006"/>
</testsuite>